2020-06-16 09:28:44.562 [restartedMain] INFO  com.huiwl.springboot.Application - Starting Application on huiweilong with PID 18356 (C:\jalan_maven_jdk8\workspace\springboot\target\classes started by huiweilong in C:\jalan_maven_jdk8\workspace\springboot)
2020-06-16 09:28:44.569 [restartedMain] INFO  com.huiwl.springboot.Application - The following profiles are active: dev
2020-06-16 09:28:50.798 [restartedMain] INFO  org.apache.catalina.core.StandardService - Starting service [Tomcat]
2020-06-16 09:28:50.802 [restartedMain] INFO  org.apache.catalina.core.StandardEngine - Starting Servlet Engine: Apache Tomcat/8.5.23
2020-06-16 09:28:51.552 [localhost-startStop-1] INFO  org.apache.jasper.servlet.TldScanner - At least one JAR was scanned for TLDs yet contained no TLDs. Enable debug logging for this logger for a complete list of JARs that were scanned but no TLDs were found in them. Skipping unneeded JARs during scanning can improve startup time and JSP compilation time.
2020-06-16 09:28:51.581 [localhost-startStop-1] INFO  o.a.c.core.ContainerBase.[Tomcat].[localhost].[/] - Initializing Spring embedded WebApplicationContext
2020-06-16 09:28:53.798 [restartedMain] INFO  org.hibernate.jpa.internal.util.LogHelper - HHH000204: Processing PersistenceUnitInfo [
	name: default
	...]
2020-06-16 09:28:54.009 [restartedMain] INFO  org.hibernate.Version - HHH000412: Hibernate Core {5.0.12.Final}
2020-06-16 09:28:54.012 [restartedMain] INFO  org.hibernate.cfg.Environment - HHH000206: hibernate.properties not found
2020-06-16 09:28:54.014 [restartedMain] INFO  org.hibernate.cfg.Environment - HHH000021: Bytecode provider name : javassist
2020-06-16 09:28:54.159 [restartedMain] INFO  org.hibernate.annotations.common.Version - HCANN000001: Hibernate Commons Annotations {5.0.1.Final}
2020-06-16 09:28:54.539 [restartedMain] INFO  org.hibernate.dialect.Dialect - HHH000400: Using dialect: org.hibernate.dialect.Oracle9iDialect
2020-06-16 09:28:55.613 [restartedMain] INFO  org.hibernate.tool.hbm2ddl.SchemaUpdate - HHH000228: Running hbm2ddl schema update
2020-06-16 09:28:59.171 [restartedMain] INFO  org.apache.coyote.http11.Http11NioProtocol - Initializing ProtocolHandler ["http-nio-8080"]
2020-06-16 09:28:59.236 [restartedMain] INFO  org.apache.coyote.http11.Http11NioProtocol - Starting ProtocolHandler ["http-nio-8080"]
2020-06-16 09:28:59.303 [restartedMain] INFO  org.apache.tomcat.util.net.NioSelectorPool - Using a shared selector for servlet write/read
2020-06-16 09:28:59.385 [restartedMain] INFO  com.huiwl.springboot.Application - Started Application in 16.729 seconds (JVM running for 19.118)
2020-06-16 09:29:32.277 [http-nio-8080-exec-5] INFO  o.a.c.core.ContainerBase.[Tomcat].[localhost].[/] - Initializing Spring FrameworkServlet 'dispatcherServlet'
2020-06-16 09:32:28.134 [http-nio-8080-exec-2] INFO  o.h.hql.internal.QueryTranslatorFactoryInitiator - HHH000397: Using ASTQueryTranslatorFactory
2020-06-16 09:42:38.974 [restartedMain] INFO  com.huiwl.springboot.Application - Starting Application on huiweilong with PID 18356 (C:\jalan_maven_jdk8\workspace\springboot\target\classes started by huiweilong in C:\jalan_maven_jdk8\workspace\springboot)
2020-06-16 09:42:38.975 [restartedMain] INFO  com.huiwl.springboot.Application - The following profiles are active: dev
2020-06-16 09:42:40.581 [restartedMain] INFO  org.apache.catalina.core.StandardService - Starting service [Tomcat]
2020-06-16 09:42:40.585 [restartedMain] INFO  org.apache.catalina.core.StandardEngine - Starting Servlet Engine: Apache Tomcat/8.5.23
2020-06-16 09:42:40.820 [localhost-startStop-1] INFO  org.apache.jasper.servlet.TldScanner - At least one JAR was scanned for TLDs yet contained no TLDs. Enable debug logging for this logger for a complete list of JARs that were scanned but no TLDs were found in them. Skipping unneeded JARs during scanning can improve startup time and JSP compilation time.
2020-06-16 09:42:40.826 [localhost-startStop-1] INFO  o.a.c.core.ContainerBase.[Tomcat].[localhost].[/] - Initializing Spring embedded WebApplicationContext
2020-06-16 09:42:41.397 [restartedMain] INFO  org.hibernate.jpa.internal.util.LogHelper - HHH000204: Processing PersistenceUnitInfo [
	name: default
	...]
2020-06-16 09:42:41.452 [restartedMain] INFO  org.hibernate.dialect.Dialect - HHH000400: Using dialect: org.hibernate.dialect.Oracle9iDialect
2020-06-16 09:42:41.536 [restartedMain] INFO  org.hibernate.tool.hbm2ddl.SchemaUpdate - HHH000228: Running hbm2ddl schema update
2020-06-16 09:42:42.450 [restartedMain] INFO  org.apache.coyote.http11.Http11NioProtocol - Initializing ProtocolHandler ["http-nio-8080"]
2020-06-16 09:42:42.453 [restartedMain] INFO  org.apache.coyote.http11.Http11NioProtocol - Starting ProtocolHandler ["http-nio-8080"]
2020-06-16 09:42:42.456 [restartedMain] INFO  org.apache.tomcat.util.net.NioSelectorPool - Using a shared selector for servlet write/read
2020-06-16 09:42:42.472 [restartedMain] INFO  com.huiwl.springboot.Application - Started Application in 3.808 seconds (JVM running for 842.196)
2020-06-16 09:44:02.809 [restartedMain] INFO  com.huiwl.springboot.Application - Starting Application on huiweilong with PID 18356 (C:\jalan_maven_jdk8\workspace\springboot\target\classes started by huiweilong in C:\jalan_maven_jdk8\workspace\springboot)
2020-06-16 09:44:02.810 [restartedMain] INFO  com.huiwl.springboot.Application - The following profiles are active: dev
2020-06-16 09:44:04.143 [restartedMain] INFO  org.apache.catalina.core.StandardService - Starting service [Tomcat]
2020-06-16 09:44:04.144 [restartedMain] INFO  org.apache.catalina.core.StandardEngine - Starting Servlet Engine: Apache Tomcat/8.5.23
2020-06-16 09:44:04.335 [localhost-startStop-1] INFO  org.apache.jasper.servlet.TldScanner - At least one JAR was scanned for TLDs yet contained no TLDs. Enable debug logging for this logger for a complete list of JARs that were scanned but no TLDs were found in them. Skipping unneeded JARs during scanning can improve startup time and JSP compilation time.
2020-06-16 09:44:04.345 [localhost-startStop-1] INFO  o.a.c.core.ContainerBase.[Tomcat].[localhost].[/] - Initializing Spring embedded WebApplicationContext
2020-06-16 09:44:05.217 [restartedMain] INFO  org.hibernate.jpa.internal.util.LogHelper - HHH000204: Processing PersistenceUnitInfo [
	name: default
	...]
2020-06-16 09:44:05.243 [restartedMain] INFO  org.hibernate.dialect.Dialect - HHH000400: Using dialect: org.hibernate.dialect.Oracle9iDialect
2020-06-16 09:44:05.312 [restartedMain] INFO  org.hibernate.tool.hbm2ddl.SchemaUpdate - HHH000228: Running hbm2ddl schema update
2020-06-16 09:44:05.925 [restartedMain] INFO  org.apache.coyote.http11.Http11NioProtocol - Initializing ProtocolHandler ["http-nio-8080"]
2020-06-16 09:44:05.927 [restartedMain] INFO  org.apache.coyote.http11.Http11NioProtocol - Starting ProtocolHandler ["http-nio-8080"]
2020-06-16 09:44:05.929 [restartedMain] INFO  org.apache.tomcat.util.net.NioSelectorPool - Using a shared selector for servlet write/read
2020-06-16 09:44:05.942 [restartedMain] INFO  com.huiwl.springboot.Application - Started Application in 3.269 seconds (JVM running for 925.663)
2020-06-16 09:44:21.111 [http-nio-8080-exec-10] INFO  o.a.c.core.ContainerBase.[Tomcat].[localhost].[/] - Initializing Spring FrameworkServlet 'dispatcherServlet'
2020-06-16 09:45:08.586 [restartedMain] INFO  com.huiwl.springboot.Application - Starting Application on huiweilong with PID 22392 (C:\jalan_maven_jdk8\workspace\springboot\target\classes started by huiweilong in C:\jalan_maven_jdk8\workspace\springboot)
2020-06-16 09:45:08.587 [restartedMain] INFO  com.huiwl.springboot.Application - The following profiles are active: dev
2020-06-16 09:45:12.837 [restartedMain] INFO  org.apache.catalina.core.StandardService - Starting service [Tomcat]
2020-06-16 09:45:12.839 [restartedMain] INFO  org.apache.catalina.core.StandardEngine - Starting Servlet Engine: Apache Tomcat/8.5.23
2020-06-16 09:45:13.451 [localhost-startStop-1] INFO  org.apache.jasper.servlet.TldScanner - At least one JAR was scanned for TLDs yet contained no TLDs. Enable debug logging for this logger for a complete list of JARs that were scanned but no TLDs were found in them. Skipping unneeded JARs during scanning can improve startup time and JSP compilation time.
2020-06-16 09:45:13.468 [localhost-startStop-1] INFO  o.a.c.core.ContainerBase.[Tomcat].[localhost].[/] - Initializing Spring embedded WebApplicationContext
2020-06-16 09:45:15.017 [restartedMain] INFO  org.hibernate.jpa.internal.util.LogHelper - HHH000204: Processing PersistenceUnitInfo [
	name: default
	...]
2020-06-16 09:45:15.136 [restartedMain] INFO  org.hibernate.Version - HHH000412: Hibernate Core {5.0.12.Final}
2020-06-16 09:45:15.139 [restartedMain] INFO  org.hibernate.cfg.Environment - HHH000206: hibernate.properties not found
2020-06-16 09:45:15.141 [restartedMain] INFO  org.hibernate.cfg.Environment - HHH000021: Bytecode provider name : javassist
2020-06-16 09:45:15.211 [restartedMain] INFO  org.hibernate.annotations.common.Version - HCANN000001: Hibernate Commons Annotations {5.0.1.Final}
2020-06-16 09:45:15.440 [restartedMain] INFO  org.hibernate.dialect.Dialect - HHH000400: Using dialect: org.hibernate.dialect.Oracle9iDialect
2020-06-16 09:45:16.333 [restartedMain] INFO  org.hibernate.tool.hbm2ddl.SchemaUpdate - HHH000228: Running hbm2ddl schema update
2020-06-16 09:45:18.858 [restartedMain] INFO  org.apache.coyote.http11.Http11NioProtocol - Initializing ProtocolHandler ["http-nio-8080"]
2020-06-16 09:45:18.877 [restartedMain] INFO  org.apache.coyote.http11.Http11NioProtocol - Starting ProtocolHandler ["http-nio-8080"]
2020-06-16 09:45:18.898 [restartedMain] INFO  org.apache.tomcat.util.net.NioSelectorPool - Using a shared selector for servlet write/read
2020-06-16 09:45:18.962 [restartedMain] INFO  com.huiwl.springboot.Application - Started Application in 11.297 seconds (JVM running for 12.308)
2020-06-16 09:45:35.208 [http-nio-8080-exec-10] INFO  o.a.c.core.ContainerBase.[Tomcat].[localhost].[/] - Initializing Spring FrameworkServlet 'dispatcherServlet'
2020-06-16 09:46:25.893 [restartedMain] INFO  com.huiwl.springboot.Application - Starting Application on huiweilong with PID 22392 (C:\jalan_maven_jdk8\workspace\springboot\target\classes started by huiweilong in C:\jalan_maven_jdk8\workspace\springboot)
2020-06-16 09:46:25.933 [restartedMain] INFO  com.huiwl.springboot.Application - The following profiles are active: dev
2020-06-16 09:46:27.314 [restartedMain] INFO  org.apache.catalina.core.StandardService - Starting service [Tomcat]
2020-06-16 09:46:27.316 [restartedMain] INFO  org.apache.catalina.core.StandardEngine - Starting Servlet Engine: Apache Tomcat/8.5.23
2020-06-16 09:46:27.522 [localhost-startStop-1] INFO  org.apache.jasper.servlet.TldScanner - At least one JAR was scanned for TLDs yet contained no TLDs. Enable debug logging for this logger for a complete list of JARs that were scanned but no TLDs were found in them. Skipping unneeded JARs during scanning can improve startup time and JSP compilation time.
2020-06-16 09:46:27.528 [localhost-startStop-1] INFO  o.a.c.core.ContainerBase.[Tomcat].[localhost].[/] - Initializing Spring embedded WebApplicationContext
2020-06-16 09:46:27.984 [restartedMain] INFO  org.hibernate.jpa.internal.util.LogHelper - HHH000204: Processing PersistenceUnitInfo [
	name: default
	...]
2020-06-16 09:46:28.014 [restartedMain] INFO  org.hibernate.dialect.Dialect - HHH000400: Using dialect: org.hibernate.dialect.Oracle9iDialect
2020-06-16 09:46:28.080 [restartedMain] INFO  org.hibernate.tool.hbm2ddl.SchemaUpdate - HHH000228: Running hbm2ddl schema update
2020-06-16 09:46:29.033 [restartedMain] INFO  org.apache.coyote.http11.Http11NioProtocol - Initializing ProtocolHandler ["http-nio-8080"]
2020-06-16 09:46:29.036 [restartedMain] INFO  org.apache.coyote.http11.Http11NioProtocol - Starting ProtocolHandler ["http-nio-8080"]
2020-06-16 09:46:29.040 [restartedMain] INFO  org.apache.tomcat.util.net.NioSelectorPool - Using a shared selector for servlet write/read
2020-06-16 09:46:29.064 [restartedMain] INFO  com.huiwl.springboot.Application - Started Application in 3.403 seconds (JVM running for 82.41)
2020-06-16 09:46:39.409 [http-nio-8080-exec-9] INFO  o.a.c.core.ContainerBase.[Tomcat].[localhost].[/] - Initializing Spring FrameworkServlet 'dispatcherServlet'
2020-06-16 09:48:31.116 [restartedMain] INFO  com.huiwl.springboot.Application - Starting Application on huiweilong with PID 22392 (C:\jalan_maven_jdk8\workspace\springboot\target\classes started by huiweilong in C:\jalan_maven_jdk8\workspace\springboot)
2020-06-16 09:48:31.118 [restartedMain] INFO  com.huiwl.springboot.Application - The following profiles are active: dev
2020-06-16 09:48:32.355 [restartedMain] INFO  org.apache.catalina.core.StandardService - Starting service [Tomcat]
2020-06-16 09:48:32.356 [restartedMain] INFO  org.apache.catalina.core.StandardEngine - Starting Servlet Engine: Apache Tomcat/8.5.23
2020-06-16 09:48:32.553 [localhost-startStop-1] INFO  org.apache.jasper.servlet.TldScanner - At least one JAR was scanned for TLDs yet contained no TLDs. Enable debug logging for this logger for a complete list of JARs that were scanned but no TLDs were found in them. Skipping unneeded JARs during scanning can improve startup time and JSP compilation time.
2020-06-16 09:48:32.559 [localhost-startStop-1] INFO  o.a.c.core.ContainerBase.[Tomcat].[localhost].[/] - Initializing Spring embedded WebApplicationContext
2020-06-16 09:48:32.993 [restartedMain] INFO  org.hibernate.jpa.internal.util.LogHelper - HHH000204: Processing PersistenceUnitInfo [
	name: default
	...]
2020-06-16 09:48:33.018 [restartedMain] INFO  org.hibernate.dialect.Dialect - HHH000400: Using dialect: org.hibernate.dialect.Oracle9iDialect
2020-06-16 09:48:33.086 [restartedMain] INFO  org.hibernate.tool.hbm2ddl.SchemaUpdate - HHH000228: Running hbm2ddl schema update
2020-06-16 09:48:33.892 [restartedMain] INFO  org.apache.coyote.http11.Http11NioProtocol - Initializing ProtocolHandler ["http-nio-8080"]
2020-06-16 09:48:33.893 [restartedMain] INFO  org.apache.coyote.http11.Http11NioProtocol - Starting ProtocolHandler ["http-nio-8080"]
2020-06-16 09:48:33.895 [restartedMain] INFO  org.apache.tomcat.util.net.NioSelectorPool - Using a shared selector for servlet write/read
2020-06-16 09:48:33.928 [restartedMain] INFO  com.huiwl.springboot.Application - Started Application in 3.001 seconds (JVM running for 207.274)
2020-06-16 09:48:58.804 [http-nio-8080-exec-9] INFO  o.a.c.core.ContainerBase.[Tomcat].[localhost].[/] - Initializing Spring FrameworkServlet 'dispatcherServlet'
2020-06-16 09:50:13.171 [restartedMain] INFO  com.huiwl.springboot.Application - Starting Application on huiweilong with PID 22392 (C:\jalan_maven_jdk8\workspace\springboot\target\classes started by huiweilong in C:\jalan_maven_jdk8\workspace\springboot)
2020-06-16 09:50:13.171 [restartedMain] INFO  com.huiwl.springboot.Application - The following profiles are active: dev
2020-06-16 09:50:14.579 [restartedMain] INFO  org.apache.catalina.core.StandardService - Starting service [Tomcat]
2020-06-16 09:50:14.580 [restartedMain] INFO  org.apache.catalina.core.StandardEngine - Starting Servlet Engine: Apache Tomcat/8.5.23
2020-06-16 09:50:14.862 [localhost-startStop-1] INFO  org.apache.jasper.servlet.TldScanner - At least one JAR was scanned for TLDs yet contained no TLDs. Enable debug logging for this logger for a complete list of JARs that were scanned but no TLDs were found in them. Skipping unneeded JARs during scanning can improve startup time and JSP compilation time.
2020-06-16 09:50:14.868 [localhost-startStop-1] INFO  o.a.c.core.ContainerBase.[Tomcat].[localhost].[/] - Initializing Spring embedded WebApplicationContext
2020-06-16 09:50:15.275 [restartedMain] INFO  org.hibernate.jpa.internal.util.LogHelper - HHH000204: Processing PersistenceUnitInfo [
	name: default
	...]
2020-06-16 09:50:15.309 [restartedMain] INFO  org.hibernate.dialect.Dialect - HHH000400: Using dialect: org.hibernate.dialect.Oracle9iDialect
2020-06-16 09:50:15.364 [restartedMain] INFO  org.hibernate.tool.hbm2ddl.SchemaUpdate - HHH000228: Running hbm2ddl schema update
2020-06-16 09:50:15.981 [restartedMain] INFO  org.apache.coyote.http11.Http11NioProtocol - Initializing ProtocolHandler ["http-nio-8080"]
2020-06-16 09:50:15.982 [restartedMain] INFO  org.apache.coyote.http11.Http11NioProtocol - Starting ProtocolHandler ["http-nio-8080"]
2020-06-16 09:50:15.984 [restartedMain] INFO  org.apache.tomcat.util.net.NioSelectorPool - Using a shared selector for servlet write/read
2020-06-16 09:50:15.999 [restartedMain] INFO  com.huiwl.springboot.Application - Started Application in 2.968 seconds (JVM running for 309.345)
2020-06-16 09:50:34.093 [http-nio-8080-exec-10] INFO  o.a.c.core.ContainerBase.[Tomcat].[localhost].[/] - Initializing Spring FrameworkServlet 'dispatcherServlet'
2020-06-16 09:53:27.927 [restartedMain] INFO  com.huiwl.springboot.Application - Starting Application on huiweilong with PID 220 (C:\jalan_maven_jdk8\workspace\springboot\target\classes started by huiweilong in C:\jalan_maven_jdk8\workspace\springboot)
2020-06-16 09:53:27.928 [restartedMain] INFO  com.huiwl.springboot.Application - The following profiles are active: dev
2020-06-16 09:53:32.356 [restartedMain] INFO  org.apache.catalina.core.StandardService - Starting service [Tomcat]
2020-06-16 09:53:32.358 [restartedMain] INFO  org.apache.catalina.core.StandardEngine - Starting Servlet Engine: Apache Tomcat/8.5.23
2020-06-16 09:53:33.086 [localhost-startStop-1] INFO  org.apache.jasper.servlet.TldScanner - At least one JAR was scanned for TLDs yet contained no TLDs. Enable debug logging for this logger for a complete list of JARs that were scanned but no TLDs were found in them. Skipping unneeded JARs during scanning can improve startup time and JSP compilation time.
2020-06-16 09:53:33.105 [localhost-startStop-1] INFO  o.a.c.core.ContainerBase.[Tomcat].[localhost].[/] - Initializing Spring embedded WebApplicationContext
2020-06-16 09:53:34.647 [restartedMain] INFO  org.hibernate.jpa.internal.util.LogHelper - HHH000204: Processing PersistenceUnitInfo [
	name: default
	...]
2020-06-16 09:53:34.785 [restartedMain] INFO  org.hibernate.Version - HHH000412: Hibernate Core {5.0.12.Final}
2020-06-16 09:53:34.788 [restartedMain] INFO  org.hibernate.cfg.Environment - HHH000206: hibernate.properties not found
2020-06-16 09:53:34.790 [restartedMain] INFO  org.hibernate.cfg.Environment - HHH000021: Bytecode provider name : javassist
2020-06-16 09:53:34.861 [restartedMain] INFO  org.hibernate.annotations.common.Version - HCANN000001: Hibernate Commons Annotations {5.0.1.Final}
2020-06-16 09:53:35.106 [restartedMain] INFO  org.hibernate.dialect.Dialect - HHH000400: Using dialect: org.hibernate.dialect.Oracle9iDialect
2020-06-16 09:53:35.975 [restartedMain] INFO  org.hibernate.tool.hbm2ddl.SchemaUpdate - HHH000228: Running hbm2ddl schema update
2020-06-16 09:53:38.570 [restartedMain] INFO  org.apache.coyote.http11.Http11NioProtocol - Initializing ProtocolHandler ["http-nio-8080"]
2020-06-16 09:53:38.597 [restartedMain] INFO  org.apache.coyote.http11.Http11NioProtocol - Starting ProtocolHandler ["http-nio-8080"]
2020-06-16 09:53:38.616 [restartedMain] INFO  org.apache.tomcat.util.net.NioSelectorPool - Using a shared selector for servlet write/read
2020-06-16 09:53:38.684 [restartedMain] INFO  com.huiwl.springboot.Application - Started Application in 11.738 seconds (JVM running for 12.642)
2020-06-16 09:53:49.696 [http-nio-8080-exec-10] INFO  o.a.c.core.ContainerBase.[Tomcat].[localhost].[/] - Initializing Spring FrameworkServlet 'dispatcherServlet'
2020-06-16 09:55:39.600 [restartedMain] INFO  com.huiwl.springboot.Application - Starting Application on huiweilong with PID 20088 (C:\jalan_maven_jdk8\workspace\springboot\target\classes started by huiweilong in C:\jalan_maven_jdk8\workspace\springboot)
2020-06-16 09:55:39.603 [restartedMain] INFO  com.huiwl.springboot.Application - The following profiles are active: dev
2020-06-16 09:55:46.863 [restartedMain] INFO  org.apache.catalina.core.StandardService - Starting service [Tomcat]
2020-06-16 09:55:46.867 [restartedMain] INFO  org.apache.catalina.core.StandardEngine - Starting Servlet Engine: Apache Tomcat/8.5.23
2020-06-16 09:55:47.548 [localhost-startStop-1] INFO  org.apache.jasper.servlet.TldScanner - At least one JAR was scanned for TLDs yet contained no TLDs. Enable debug logging for this logger for a complete list of JARs that were scanned but no TLDs were found in them. Skipping unneeded JARs during scanning can improve startup time and JSP compilation time.
2020-06-16 09:55:47.566 [localhost-startStop-1] INFO  o.a.c.core.ContainerBase.[Tomcat].[localhost].[/] - Initializing Spring embedded WebApplicationContext
2020-06-16 09:55:50.006 [restartedMain] INFO  org.hibernate.jpa.internal.util.LogHelper - HHH000204: Processing PersistenceUnitInfo [
	name: default
	...]
2020-06-16 09:55:50.205 [restartedMain] INFO  org.hibernate.Version - HHH000412: Hibernate Core {5.0.12.Final}
2020-06-16 09:55:50.209 [restartedMain] INFO  org.hibernate.cfg.Environment - HHH000206: hibernate.properties not found
2020-06-16 09:55:50.212 [restartedMain] INFO  org.hibernate.cfg.Environment - HHH000021: Bytecode provider name : javassist
2020-06-16 09:55:50.495 [restartedMain] INFO  org.hibernate.annotations.common.Version - HCANN000001: Hibernate Commons Annotations {5.0.1.Final}
2020-06-16 09:55:50.895 [restartedMain] INFO  org.hibernate.dialect.Dialect - HHH000400: Using dialect: org.hibernate.dialect.Oracle9iDialect
2020-06-16 09:55:51.994 [restartedMain] INFO  org.hibernate.tool.hbm2ddl.SchemaUpdate - HHH000228: Running hbm2ddl schema update
2020-06-16 09:55:56.712 [restartedMain] INFO  org.apache.coyote.http11.Http11NioProtocol - Initializing ProtocolHandler ["http-nio-8080"]
2020-06-16 09:55:56.735 [restartedMain] INFO  org.apache.coyote.http11.Http11NioProtocol - Starting ProtocolHandler ["http-nio-8080"]
2020-06-16 09:55:56.758 [restartedMain] INFO  org.apache.tomcat.util.net.NioSelectorPool - Using a shared selector for servlet write/read
2020-06-16 09:55:56.914 [restartedMain] INFO  com.huiwl.springboot.Application - Started Application in 18.387 seconds (JVM running for 20.586)
2020-06-16 09:56:04.564 [http-nio-8080-exec-1] INFO  o.a.c.core.ContainerBase.[Tomcat].[localhost].[/] - Initializing Spring FrameworkServlet 'dispatcherServlet'
